#
# There is insufficient memory for the Java Runtime Environment to continue.
# Native memory allocation (mmap) failed to map 67108864 bytes. Error detail: G1 virtual space
# Possible reasons:
#   The system is out of physical RAM or swap space
#   This process is running with CompressedOops enabled, and the Java Heap may be blocking the growth of the native heap
# Possible solutions:
#   Reduce memory load on the system
#   Increase physical memory or swap space
#   Check if swap backing store is full
#   Decrease Java heap size (-Xmx/-Xms)
#   Decrease number of Java threads
#   Decrease Java thread stack sizes (-Xss)
#   Set larger code cache with -XX:ReservedCodeCacheSize=
#   JVM is running with Unscaled Compressed Oops mode in which the Java heap is
#     placed in the first 4GB address space. The Java Heap base address is the
#     maximum limit for the native heap growth. Please use -XX:HeapBaseMinAddress
#     to set the Java Heap base and to place the Java Heap above 4GB virtual address.
# This output file may be truncated or incomplete.
#
#  Out of Memory Error (os_windows.cpp:3613), pid=31072, tid=33368
#
# JRE version:  (17.0.11+9) (build )
# Java VM: OpenJDK 64-Bit Server VM (17.0.11+9-LTS, mixed mode, sharing, tiered, compressed oops, compressed class ptrs, g1 gc, windows-amd64)
# No core dump will be written. Minidumps are not enabled by default on client versions of Windows
#

---------------  S U M M A R Y ------------

Command Line: -Xmx64m -Xms64m -Dorg.gradle.appname=gradlew org.gradle.wrapper.GradleWrapperMain app:installDebug -PreactNativeDevServerPort=8081

Host: Intel(R) Core(TM) i5-8500T CPU @ 2.10GHz, 6 cores, 11G,  Windows 10 , 64 bit Build 19041 (10.0.19041.4597)
Time: Tue Jul 30 11:35:19 2024 Hora oficial do Brasil elapsed time: 0.314816 seconds (0d 0h 0m 0s)

---------------  T H R E A D  ---------------

Current thread (0x000002b09d47b430):  JavaThread "Unknown thread" [_thread_in_vm, id=33368, stack(0x000000c693600000,0x000000c693700000)]

Stack: [0x000000c693600000,0x000000c693700000]
Native frames: (J=compiled Java code, j=interpreted, Vv=VM code, C=native code)
V  [jvm.dll+0x67f6d9]
V  [jvm.dll+0x83773a]
V  [jvm.dll+0x8391fe]
V  [jvm.dll+0x839863]
V  [jvm.dll+0x247fbf]
V  [jvm.dll+0x67c519]
V  [jvm.dll+0x670f8a]
V  [jvm.dll+0x309bdb]
V  [jvm.dll+0x311086]
V  [jvm.dll+0x360a6e]
V  [jvm.dll+0x360c9f]
V  [jvm.dll+0x2e0928]
V  [jvm.dll+0x2e1894]
V  [jvm.dll+0x8090e1]
V  [jvm.dll+0x36e7c1]
V  [jvm.dll+0x7e7b06]
V  [jvm.dll+0x3f202f]
V  [jvm.dll+0x3f3b81]
C  [jli.dll+0x528f]
C  [ucrtbase.dll+0x21bb2]
C  [KERNEL32.DLL+0x17374]
C  [ntdll.dll+0x4cc91]


---------------  P R O C E S S  ---------------

Threads class SMR info:
_java_thread_list=0x00007ffc38362f18, length=0, elements={
}

Java Threads: ( => current thread )

Other Threads:
  0x000002b09d49a610 GCTaskThread "GC Thread#0" [stack: 0x000000c693700000,0x000000c693800000] [id=27228]
  0x000002b09d49c8d0 ConcurrentGCThread "G1 Main Marker" [stack: 0x000000c693800000,0x000000c693900000] [id=21928]
  0x000002b09d49d2f0 ConcurrentGCThread "G1 Conc#0" [stack: 0x000000c693900000,0x000000c693a00000] [id=33220]

[error occurred during error reporting (printing all threads), id 0xc0000005, EXCEPTION_ACCESS_VIOLATION (0xc0000005) at pc=0x00007ffc37b21367]

VM state: not at safepoint (not fully initialized)

VM Mutex/Monitor currently owned by a thread:  ([mutex/lock_event])
[0x000002b09d4770d0] Heap_lock - owner thread: 0x000002b09d47b430

Heap address: 0x00000000fc000000, size: 64 MB, Compressed Oops mode: 32-bit

CDS archive(s) mapped at: [0x0000000000000000-0x0000000000000000-0x0000000000000000), size 0, SharedBaseAddress: 0x0000000800000000, ArchiveRelocationMode: 1.
Narrow klass base: 0x0000000000000000, Narrow klass shift: 0, Narrow klass range: 0x0

GC Precious Log:
<Empty>

Heap:
 garbage-first heap   total 0K, used 0K [0x00000000fc000000, 0x0000000100000000)
  region size 1024K, 0 young (0K), 0 survivors (0K)

[error occurred during error reporting (printing heap information), id 0xc0000005, EXCEPTION_ACCESS_VIOLATION (0xc0000005) at pc=0x00007ffc37f09a59]

GC Heap History (0 events):
No events

Dll operation events (1 events):
Event: 0.182 Loaded shared library C:\Program Files\Microsoft\jdk-17.0.11.9-hotspot\bin\java.dll

Deoptimization events (0 events):
No events

Classes unloaded (0 events):
No events

Classes redefined (0 events):
No events

Internal exceptions (0 events):
No events

VM Operations (0 events):
No events

Events (0 events):
No events


Dynamic libraries:
0x00007ff66c6f0000 - 0x00007ff66c6fe000 	C:\Program Files\Microsoft\jdk-17.0.11.9-hotspot\bin\java.exe
0x00007ffc9eef0000 - 0x00007ffc9f0e8000 	C:\Windows\SYSTEM32\ntdll.dll
0x00007ffc9e450000 - 0x00007ffc9e511000 	C:\Windows\System32\KERNEL32.DLL
0x00007ffc9ca50000 - 0x00007ffc9cd46000 	C:\Windows\System32\KERNELBASE.dll
0x00007ffc9c6c0000 - 0x00007ffc9c7c0000 	C:\Windows\System32\ucrtbase.dll
0x00007ffc6ccb0000 - 0x00007ffc6cccb000 	C:\Program Files\Microsoft\jdk-17.0.11.9-hotspot\bin\VCRUNTIME140.dll
0x00007ffc93e00000 - 0x00007ffc93e17000 	C:\Program Files\Microsoft\jdk-17.0.11.9-hotspot\bin\jli.dll
0x00007ffc9dcf0000 - 0x00007ffc9de8f000 	C:\Windows\System32\USER32.dll
0x00007ffc9cef0000 - 0x00007ffc9cf12000 	C:\Windows\System32\win32u.dll
0x00007ffc9daf0000 - 0x00007ffc9db1b000 	C:\Windows\System32\GDI32.dll
0x00007ffc9c5a0000 - 0x00007ffc9c6b7000 	C:\Windows\System32\gdi32full.dll
0x00007ffc9ce50000 - 0x00007ffc9ceed000 	C:\Windows\System32\msvcp_win.dll
0x00007ffc84010000 - 0x00007ffc842aa000 	C:\Windows\WinSxS\amd64_microsoft.windows.common-controls_6595b64144ccf1df_6.0.19041.4355_none_60b8b9eb71f62e16\COMCTL32.dll
0x00007ffc9de90000 - 0x00007ffc9df2e000 	C:\Windows\System32\msvcrt.dll
0x00007ffc9d9e0000 - 0x00007ffc9da0f000 	C:\Windows\System32\IMM32.DLL
0x00007ffc84370000 - 0x00007ffc84572000 	C:\Windows\system32\tmumh\20019\AddOn\8.55.0.1288\TmUmEvt64.dll
0x00007ffc9db30000 - 0x00007ffc9db38000 	C:\Windows\System32\PSAPI.DLL
0x00007ffc9cf20000 - 0x00007ffc9cfd0000 	C:\Windows\System32\ADVAPI32.dll
0x00007ffc9ea10000 - 0x00007ffc9eab0000 	C:\Windows\System32\sechost.dll
0x00007ffc9d0c0000 - 0x00007ffc9d1e3000 	C:\Windows\System32\RPCRT4.dll
0x00007ffc9c870000 - 0x00007ffc9c897000 	C:\Windows\System32\bcrypt.dll
0x000000006fcc0000 - 0x000000006fe3d000 	C:\Windows\system32\tmumh\20019\TmMon\2.9.0.1159\tmmon64.dll
0x00007ffc57210000 - 0x00007ffc5754e000 	C:\Windows\System32\TmLWE\TmUmSnsr64\1.0.0.1132\TmUmSnsr64.dll
0x00007ffc9a150000 - 0x00007ffc9a162000 	C:\Windows\SYSTEM32\kernel.appcore.dll
0x00007ffc995f0000 - 0x00007ffc995fc000 	C:\Program Files\Microsoft\jdk-17.0.11.9-hotspot\bin\vcruntime140_1.dll
0x00007ffc6cc20000 - 0x00007ffc6ccad000 	C:\Program Files\Microsoft\jdk-17.0.11.9-hotspot\bin\msvcp140.dll
0x00007ffc37830000 - 0x00007ffc38496000 	C:\Program Files\Microsoft\jdk-17.0.11.9-hotspot\bin\server\jvm.dll
0x00007ffc9bb20000 - 0x00007ffc9bb6b000 	C:\Windows\SYSTEM32\POWRPROF.dll
0x00007ffc96420000 - 0x00007ffc96429000 	C:\Windows\SYSTEM32\WSOCK32.dll
0x00007ffc9ee30000 - 0x00007ffc9ee9b000 	C:\Windows\System32\WS2_32.dll
0x00007ffc96d30000 - 0x00007ffc96d57000 	C:\Windows\SYSTEM32\WINMM.dll
0x00007ffc98900000 - 0x00007ffc9890a000 	C:\Windows\SYSTEM32\VERSION.dll
0x00007ffc9b990000 - 0x00007ffc9b9a2000 	C:\Windows\SYSTEM32\UMPDC.dll
0x00007ffc979c0000 - 0x00007ffc979ca000 	C:\Program Files\Microsoft\jdk-17.0.11.9-hotspot\bin\jimage.dll
0x00007ffc88630000 - 0x00007ffc88814000 	C:\Windows\SYSTEM32\DBGHELP.DLL
0x00007ffc87d40000 - 0x00007ffc87d74000 	C:\Windows\SYSTEM32\dbgcore.DLL
0x000002b09cb60000 - 0x000002b09cbe2000 	C:\Windows\System32\bcryptPrimitives.dll
0x00007ffc6cbf0000 - 0x00007ffc6cc15000 	C:\Program Files\Microsoft\jdk-17.0.11.9-hotspot\bin\java.dll

dbghelp: loaded successfully - version: 4.0.5 - missing functions: none
symbol engine: initialized successfully - sym options: 0x614 - pdb path: .;C:\Program Files\Microsoft\jdk-17.0.11.9-hotspot\bin;C:\Windows\SYSTEM32;C:\Windows\WinSxS\amd64_microsoft.windows.common-controls_6595b64144ccf1df_6.0.19041.4355_none_60b8b9eb71f62e16;C:\Windows\system32\tmumh\20019\AddOn\8.55.0.1288;C:\Windows\system32\tmumh\20019\TmMon\2.9.0.1159;C:\Windows\System32\TmLWE\TmUmSnsr64\1.0.0.1132;C:\Program Files\Microsoft\jdk-17.0.11.9-hotspot\bin\server

VM Arguments:
jvm_args: -Xmx64m -Xms64m -Dorg.gradle.appname=gradlew 
java_command: org.gradle.wrapper.GradleWrapperMain app:installDebug -PreactNativeDevServerPort=8081
java_class_path (initial): C:\Users\Administrador\Documents\appRedeSocial\android\\gradle\wrapper\gradle-wrapper.jar
Launcher Type: SUN_STANDARD

[Global flags]
     intx CICompilerCount                          = 3                                         {product} {ergonomic}
     uint ConcGCThreads                            = 2                                         {product} {ergonomic}
     uint G1ConcRefinementThreads                  = 6                                         {product} {ergonomic}
   size_t G1HeapRegionSize                         = 1048576                                   {product} {ergonomic}
    uintx GCDrainStackTargetSize                   = 64                                        {product} {ergonomic}
   size_t InitialHeapSize                          = 67108864                                  {product} {command line}
   size_t MarkStackSize                            = 4194304                                   {product} {ergonomic}
   size_t MaxHeapSize                              = 67108864                                  {product} {command line}
   size_t MinHeapDeltaBytes                        = 1048576                                   {product} {ergonomic}
   size_t MinHeapSize                              = 67108864                                  {product} {command line}
    uintx NonNMethodCodeHeapSize                   = 5832780                                {pd product} {ergonomic}
    uintx NonProfiledCodeHeapSize                  = 122912730                              {pd product} {ergonomic}
    uintx ProfiledCodeHeapSize                     = 122912730                              {pd product} {ergonomic}
    uintx ReservedCodeCacheSize                    = 251658240                              {pd product} {ergonomic}
     bool SegmentedCodeCache                       = true                                      {product} {ergonomic}
   size_t SoftMaxHeapSize                          = 67108864                               {manageable} {ergonomic}
     bool UseCompressedClassPointers               = true                           {product lp64_product} {ergonomic}
     bool UseCompressedOops                        = true                           {product lp64_product} {ergonomic}
     bool UseG1GC                                  = true                                      {product} {ergonomic}
     bool UseLargePagesIndividualAllocation        = false                                  {pd product} {ergonomic}

Logging:
Log output configuration:
 #0: stdout all=warning uptime,level,tags
 #1: stderr all=off uptime,level,tags

Environment Variables:
JAVA_HOME=C:\Program Files\Microsoft\jdk-17.0.11.9-hotspot
CLASSPATH=C:\Users\Administrador\Documents\appRedeSocial\android\\gradle\wrapper\gradle-wrapper.jar
PATH=C:\Users\Administrador\Documents\appRedeSocial\node_modules\.bin;C:\Users\Administrador\Documents\appRedeSocial\node_modules\.bin;C:\Users\Administrador\Documents\node_modules\.bin;C:\Users\Administrador\node_modules\.bin;C:\Users\node_modules\.bin;C:\node_modules\.bin;C:\Users\Administrador\AppData\Roaming\npm\node_modules\npm\node_modules\@npmcli\run-script\lib\node-gyp-bin;C:\Users\Administrador\Documents\appRedeSocial\node_modules\.bin;C:\Users\Administrador\Documents\appRedeSocial\node_modules\.bin;C:\Users\Administrador\Documents\node_modules\.bin;C:\Users\Administrador\node_modules\.bin;C:\Users\node_modules\.bin;C:\node_modules\.bin;C:\Users\Administrador\AppData\Roaming\npm\node_modules\npm\node_modules\@npmcli\run-script\lib\node-gyp-bin;C:\Users\Administrador\bin;C:\Program Files\Git\mingw64\bin;C:\Program Files\Git\usr\local\bin;C:\Program Files\Git\usr\bin;C:\Program Files\Git\usr\bin;C:\Program Files\Git\mingw64\bin;C:\Program Files\Git\usr\bin;C:\Users\Administrador\bin;C:\Program Files\Microsoft\jdk-17.0.11.9-hotspot\bin;C:\Python27;C:\Python27\Scripts;C:\Program Files (x86)\Common Files\Oracle\Java\javapath;C:\Windows\system32;C:\Windows;C:\Windows\System32\Wbem;C:\Windows\System32\WindowsPowerShell\v1.0;C:\Windows\System32\OpenSSH;C:\Program Files\dotnet;C:\Program Files\nodejs;C:\Program Files\SafeNet\Authentication\SAC\x64;C:\Program Files\SafeNet\Authentication\SAC\x32;C:\Program Files\Git\cmd;C:\ProgramData\chocolatey\bin;C:\Program Files (x86)\Yarn\bin;C:\Android\Sdk\emulator;C:\Android\Sdk\tools;C:\Android\Sdk\tools\bin;C:\Android\Sdk\platform-tools;C:\Users\Administrador\AppData\Local\Microsoft\WindowsApps;C:\Users\Administrador\AppData\Local\Programs\Microsoft VS Code\bin;C:\Users\Administrador\AppData\Roaming\npm;C:\Users\Administrador\AppData\Local\Yarn\bin;C:\Android\Sdk\emulator;C:\Android\Sdk\tools;C:\Android\Sdk\tools\bin;C:\Android\Sdk\platform-tools;C:\Program Files\Git\usr\bin\vendor_perl;C:\Program Files\Git\usr\bin\core_perl
USERNAME=Administrador
SHELL=C:\Program Files\Git\usr\bin\bash.exe
DISPLAY=needs-to-be-defined
LANG=pt_BR.UTF-8
TERM=xterm-256color
TMPDIR=C:\Users\ADMINI~1\AppData\Local\Temp
OS=Windows_NT
PROCESSOR_IDENTIFIER=Intel64 Family 6 Model 158 Stepping 10, GenuineIntel
TMP=C:\Users\ADMINI~1\AppData\Local\Temp
TEMP=C:\Users\ADMINI~1\AppData\Local\Temp



Periodic native trim disabled


---------------  S Y S T E M  ---------------

OS:
 Windows 10 , 64 bit Build 19041 (10.0.19041.4597)
OS uptime: 15 days 2:52 hours

CPU: total 6 (initial active 6) (6 cores per cpu, 1 threads per core) family 6 model 158 stepping 10 microcode 0xb4, cx8, cmov, fxsr, mmx, 3dnowpref, sse, sse2, sse3, ssse3, sse4.1, sse4.2, popcnt, lzcnt, tsc, tscinvbit, avx, avx2, aes, erms, clmul, bmi1, bmi2, rtm, adx, fma, vzeroupper, clflush, clflushopt
Processor Information for all 6 processors :
  Max Mhz: 2112, Current Mhz: 2112, Mhz Limit: 2112

Memory: 4k page, system-wide physical 12084M (111M free)
TotalPageFile size 40599M (AvailPageFile size 61M)
current process WorkingSet (physical memory assigned to process): 16M, peak: 16M
current process commit charge ("private bytes"): 61M, peak: 125M

vm_info: OpenJDK 64-Bit Server VM (17.0.11+9-LTS) for windows-amd64 JRE (17.0.11+9-LTS), built on Apr  9 2024 22:05:54 by "MicrosoftCorporation" with MS VC++ 16.10 / 16.11 (VS2019)

END.
